INFO: [VRFC 10-163] Analyzing VHDL file "C:/training/dsgnVHDL/completed/selfChecker/KC705/VHDL/selfChecker.srcs/sim_1/imports/VHDL/string_utilities_synth_pkg.vhd" into library utilities_lib
INFO: [VRFC 10-163] Analyzing VHDL file "C:/training/dsgnVHDL/completed/selfChecker/KC705/VHDL/selfChecker.srcs/sim_1/imports/VHDL/string_utilities_sim_pkg.vhd" into library utilities_lib
INFO: [VRFC 10-163] Analyzing VHDL file "C:/training/dsgnVHDL/completed/selfChecker/KC705/VHDL/selfChecker.srcs/sources_1/imports/VHDL/uart_baud_gen.vhd" into library xil_defaultlib
INFO: [VRFC 10-307] analyzing entity uart_baud_gen
INFO: [VRFC 10-163] Analyzing VHDL file "C:/training/dsgnVHDL/completed/selfChecker/KC705/VHDL/selfChecker.srcs/sources_1/imports/VHDL/uart_rx_ctl.vhd" into library xil_defaultlib
INFO: [VRFC 10-307] analyzing entity uart_rx_ctl
INFO: [VRFC 10-163] Analyzing VHDL file "C:/training/dsgnVHDL/completed/selfChecker/KC705/VHDL/selfChecker.srcs/sources_1/imports/VHDL/meta_harden.vhd" into library xil_defaultlib
INFO: [VRFC 10-307] analyzing entity meta_harden
INFO: [VRFC 10-163] Analyzing VHDL file "C:/training/dsgnVHDL/completed/selfChecker/KC705/VHDL/selfChecker.srcs/sources_1/imports/VHDL/register8.vhd" into library xil_defaultlib
INFO: [VRFC 10-307] analyzing entity register8
INFO: [VRFC 10-163] Analyzing VHDL file "C:/training/dsgnVHDL/completed/selfChecker/KC705/VHDL/selfChecker.srcs/sim_1/imports/VHDL/time_utilities_pkg.vhd" into library utilities_lib
INFO: [VRFC 10-163] Analyzing VHDL file "C:/training/dsgnVHDL/completed/selfChecker/KC705/VHDL/selfChecker.srcs/sources_1/imports/VHDL/LED_manager.vhd" into library xil_defaultlib
INFO: [VRFC 10-307] analyzing entity LED_manager
INFO: [VRFC 10-163] Analyzing VHDL file "C:/training/dsgnVHDL/completed/selfChecker/KC705/VHDL/selfChecker.srcs/sources_1/imports/VHDL/reset_bridge.vhd" into library xil_defaultlib
INFO: [VRFC 10-307] analyzing entity reset_bridge
INFO: [VRFC 10-163] Analyzing VHDL file "C:/training/dsgnVHDL/completed/selfChecker/KC705/VHDL/selfChecker.srcs/sources_1/imports/VHDL/uart_rx.vhd" into library xil_defaultlib
INFO: [VRFC 10-307] analyzing entity uart_rx
INFO: [VRFC 10-163] Analyzing VHDL file "C:/training/dsgnVHDL/completed/selfChecker/KC705/VHDL/selfChecker.srcs/sim_1/imports/VHDL/fifo_pkg.vhd" into library specific_support_lib
INFO: [VRFC 10-163] Analyzing VHDL file "C:/training/dsgnVHDL/completed/selfChecker/KC705/VHDL/selfChecker.srcs/sources_1/imports/VHDL/uart_led.vhd" into library xil_defaultlib
INFO: [VRFC 10-307] analyzing entity uart_led
INFO: [VRFC 10-163] Analyzing VHDL file "C:/training/dsgnVHDL/completed/selfChecker/KC705/VHDL/selfChecker.srcs/sim_1/imports/VHDL/tb_uart_driver.vhd" into library xil_defaultlib
INFO: [VRFC 10-307] analyzing entity tb_uart_driver
INFO: [VRFC 10-163] Analyzing VHDL file "C:/training/dsgnVHDL/completed/selfChecker/KC705/VHDL/selfChecker.srcs/sim_1/imports/VHDL/tb_resp_checker.vhd" into library xil_defaultlib
INFO: [VRFC 10-307] analyzing entity tb_resp_checker
INFO: [VRFC 10-163] Analyzing VHDL file "C:/training/dsgnVHDL/completed/selfChecker/KC705/VHDL/selfChecker.srcs/sim_1/imports/VHDL/UART_led_full_tb.vhd" into library xil_defaultlib
INFO: [VRFC 10-307] analyzing entity UART_led_full_tb
