
*** Running vivado
    with args -log uart_led.vds -m64 -product Vivado -mode batch -messageDb vivado.pb -notrace -source uart_led.tcl


****** Vivado v2021.1 (64-bit)
  **** SW Build 3247384 on Thu Jun 10 19:36:07 MDT 2021
  **** IP Build 3246043 on Fri Jun 11 00:30:35 MDT 2021
    ** Copyright 1986-2021 Xilinx, Inc. All Rights Reserved.

Sourcing tcl script '/home/xilinx/.Xilinx/Vivado/Vivado_init.tcl'
266 Beta devices matching pattern found, 0 enabled.
source uart_led.tcl -notrace
Command: synth_design -top uart_led -part xcku040-ffva1156-2-e
Starting synth_design
Attempting to get a license for feature 'Synthesis' and/or device 'xcku040'
INFO: [Common 17-349] Got license for feature 'Synthesis' and/or device 'xcku040'
INFO: [Synth 8-7079] Multithreading enabled for synth_design using a maximum of 4 processes.
INFO: [Synth 8-7078] Launching helper process for spawning children vivado processes
INFO: [Synth 8-7075] Helper process launched with PID 23800
---------------------------------------------------------------------------------
Starting Synthesize : Time (s): cpu = 00:00:08 ; elapsed = 00:00:09 . Memory (MB): peak = 2579.809 ; gain = 0.000 ; free physical = 3927 ; free virtual = 8918
---------------------------------------------------------------------------------
INFO: [Synth 8-638] synthesizing module 'uart_led' [/home/xilinx/training/functions/completed/KCU105/functions.srcs/sources_1/imports/KCU105/uart_led.vhd:73]
INFO: [Synth 8-113] binding component instance 'IBUF_rst_i0' to cell 'IBUF' [/home/xilinx/training/functions/completed/KCU105/functions.srcs/sources_1/imports/KCU105/uart_led.vhd:148]
INFO: [Synth 8-113] binding component instance 'IBUF_rxd_i0' to cell 'IBUF' [/home/xilinx/training/functions/completed/KCU105/functions.srcs/sources_1/imports/KCU105/uart_led.vhd:149]
INFO: [Synth 8-113] binding component instance 'IBUFG_clk_i0' to cell 'IBUFG' [/home/xilinx/training/functions/completed/KCU105/functions.srcs/sources_1/imports/KCU105/uart_led.vhd:150]
INFO: [Synth 8-113] binding component instance 'BUFG_clk_rx_i0' to cell 'BUFG' [/home/xilinx/training/functions/completed/KCU105/functions.srcs/sources_1/imports/KCU105/uart_led.vhd:151]
INFO: [Synth 8-113] binding component instance 'IBUF_sel_i0' to cell 'IBUF' [/home/xilinx/training/functions/completed/KCU105/functions.srcs/sources_1/imports/KCU105/uart_led.vhd:152]
INFO: [Synth 8-113] binding component instance 'OBUF_led_i' to cell 'OBUF' [/home/xilinx/training/functions/completed/KCU105/functions.srcs/sources_1/imports/KCU105/uart_led.vhd:157]
INFO: [Synth 8-113] binding component instance 'OBUF_led_i' to cell 'OBUF' [/home/xilinx/training/functions/completed/KCU105/functions.srcs/sources_1/imports/KCU105/uart_led.vhd:157]
INFO: [Synth 8-113] binding component instance 'OBUF_led_i' to cell 'OBUF' [/home/xilinx/training/functions/completed/KCU105/functions.srcs/sources_1/imports/KCU105/uart_led.vhd:157]
INFO: [Synth 8-113] binding component instance 'OBUF_led_i' to cell 'OBUF' [/home/xilinx/training/functions/completed/KCU105/functions.srcs/sources_1/imports/KCU105/uart_led.vhd:157]
INFO: [Synth 8-113] binding component instance 'OBUF_led_i' to cell 'OBUF' [/home/xilinx/training/functions/completed/KCU105/functions.srcs/sources_1/imports/KCU105/uart_led.vhd:157]
INFO: [Synth 8-113] binding component instance 'OBUF_led_i' to cell 'OBUF' [/home/xilinx/training/functions/completed/KCU105/functions.srcs/sources_1/imports/KCU105/uart_led.vhd:157]
INFO: [Synth 8-113] binding component instance 'OBUF_led_i' to cell 'OBUF' [/home/xilinx/training/functions/completed/KCU105/functions.srcs/sources_1/imports/KCU105/uart_led.vhd:157]
INFO: [Synth 8-113] binding component instance 'OBUF_led_i' to cell 'OBUF' [/home/xilinx/training/functions/completed/KCU105/functions.srcs/sources_1/imports/KCU105/uart_led.vhd:157]
INFO: [Synth 8-3491] module 'reset_bridge' declared at '/home/xilinx/training/functions/completed/KCU105/functions.srcs/sources_1/imports/KCU105/reset_bridge.vhd:24' bound to instance 'meta_harden_rst_i0' of component 'reset_bridge' [/home/xilinx/training/functions/completed/KCU105/functions.srcs/sources_1/imports/KCU105/uart_led.vhd:162]
INFO: [Synth 8-638] synthesizing module 'reset_bridge' [/home/xilinx/training/functions/completed/KCU105/functions.srcs/sources_1/imports/KCU105/reset_bridge.vhd:30]
INFO: [Synth 8-256] done synthesizing module 'reset_bridge' (1#1) [/home/xilinx/training/functions/completed/KCU105/functions.srcs/sources_1/imports/KCU105/reset_bridge.vhd:30]
INFO: [Synth 8-3491] module 'meta_harden' declared at '/home/xilinx/training/functions/completed/KCU105/functions.srcs/sources_1/imports/KCU105/meta_harden.vhd:58' bound to instance 'meta_harden_sel_i0' of component 'meta_harden' [/home/xilinx/training/functions/completed/KCU105/functions.srcs/sources_1/imports/KCU105/uart_led.vhd:173]
INFO: [Synth 8-638] synthesizing module 'meta_harden' [/home/xilinx/training/functions/completed/KCU105/functions.srcs/sources_1/imports/KCU105/meta_harden.vhd:66]
INFO: [Synth 8-256] done synthesizing module 'meta_harden' (2#1) [/home/xilinx/training/functions/completed/KCU105/functions.srcs/sources_1/imports/KCU105/meta_harden.vhd:66]
	Parameter BAUD_RATE bound to: 115200 - type: integer 
	Parameter CLOCK_RATE bound to: 50000000 - type: integer 
INFO: [Synth 8-3491] module 'uart_rx' declared at '/home/xilinx/training/functions/completed/KCU105/functions.srcs/sources_1/imports/KCU105/uart_rx.vhd:73' bound to instance 'uart_rx_i0' of component 'uart_rx' [/home/xilinx/training/functions/completed/KCU105/functions.srcs/sources_1/imports/KCU105/uart_led.vhd:177]
INFO: [Synth 8-638] synthesizing module 'uart_rx' [/home/xilinx/training/functions/completed/KCU105/functions.srcs/sources_1/imports/KCU105/uart_rx.vhd:88]
	Parameter BAUD_RATE bound to: 115200 - type: integer 
	Parameter CLOCK_RATE bound to: 50000000 - type: integer 
INFO: [Synth 8-3491] module 'meta_harden' declared at '/home/xilinx/training/functions/completed/KCU105/functions.srcs/sources_1/imports/KCU105/meta_harden.vhd:58' bound to instance 'meta_harden_rxd_i0' of component 'meta_harden' [/home/xilinx/training/functions/completed/KCU105/functions.srcs/sources_1/imports/KCU105/uart_rx.vhd:128]
	Parameter CLOCK_RATE bound to: 50000000 - type: integer 
	Parameter BAUD_RATE bound to: 115200 - type: integer 
INFO: [Synth 8-3491] module 'uart_baud_gen' declared at '/home/xilinx/training/functions/completed/KCU105/functions.srcs/sources_1/imports/KCU105/uart_baud_gen.vhd:63' bound to instance 'uart_baud_gen_rx_i0' of component 'uart_baud_gen' [/home/xilinx/training/functions/completed/KCU105/functions.srcs/sources_1/imports/KCU105/uart_rx.vhd:136]
INFO: [Synth 8-638] synthesizing module 'uart_baud_gen' [/home/xilinx/training/functions/completed/KCU105/functions.srcs/sources_1/imports/KCU105/uart_baud_gen.vhd:74]
	Parameter CLOCK_RATE bound to: 50000000 - type: integer 
	Parameter BAUD_RATE bound to: 115200 - type: integer 
INFO: [Synth 8-256] done synthesizing module 'uart_baud_gen' (3#1) [/home/xilinx/training/functions/completed/KCU105/functions.srcs/sources_1/imports/KCU105/uart_baud_gen.vhd:74]
INFO: [Synth 8-3491] module 'uart_rx_ctl' declared at '/home/xilinx/training/functions/completed/KCU105/functions.srcs/sources_1/imports/KCU105/uart_rx_ctl.vhd:86' bound to instance 'uart_rx_ctl_i0' of component 'uart_rx_ctl' [/home/xilinx/training/functions/completed/KCU105/functions.srcs/sources_1/imports/KCU105/uart_rx.vhd:146]
INFO: [Synth 8-638] synthesizing module 'uart_rx_ctl' [/home/xilinx/training/functions/completed/KCU105/functions.srcs/sources_1/imports/KCU105/uart_rx_ctl.vhd:98]
INFO: [Synth 8-226] default block is never used [/home/xilinx/training/functions/completed/KCU105/functions.srcs/sources_1/imports/KCU105/uart_rx_ctl.vhd:117]
INFO: [Synth 8-256] done synthesizing module 'uart_rx_ctl' (4#1) [/home/xilinx/training/functions/completed/KCU105/functions.srcs/sources_1/imports/KCU105/uart_rx_ctl.vhd:98]
INFO: [Synth 8-256] done synthesizing module 'uart_rx' (5#1) [/home/xilinx/training/functions/completed/KCU105/functions.srcs/sources_1/imports/KCU105/uart_rx.vhd:88]
INFO: [Synth 8-3491] module 'LED_manager' declared at '/home/xilinx/training/functions/completed/KCU105/functions.srcs/sources_1/imports/KCU105/LED_manager.vhd:24' bound to instance 'LEDman' of component 'LED_manager' [/home/xilinx/training/functions/completed/KCU105/functions.srcs/sources_1/imports/KCU105/uart_led.vhd:193]
INFO: [Synth 8-638] synthesizing module 'LED_manager' [/home/xilinx/training/functions/completed/KCU105/functions.srcs/sources_1/imports/KCU105/LED_manager.vhd:36]
INFO: [Synth 8-3491] module 'register8' declared at '/home/xilinx/training/functions/completed/KCU105/functions.srcs/sources_1/imports/KCU105/register8.vhd:24' bound to instance 'regCh1' of component 'register8' [/home/xilinx/training/functions/completed/KCU105/functions.srcs/sources_1/imports/KCU105/LED_manager.vhd:57]
INFO: [Synth 8-638] synthesizing module 'register8' [/home/xilinx/training/functions/completed/KCU105/functions.srcs/sources_1/imports/KCU105/register8.vhd:32]
INFO: [Synth 8-256] done synthesizing module 'register8' (6#1) [/home/xilinx/training/functions/completed/KCU105/functions.srcs/sources_1/imports/KCU105/register8.vhd:32]
INFO: [Synth 8-3491] module 'register8' declared at '/home/xilinx/training/functions/completed/KCU105/functions.srcs/sources_1/imports/KCU105/register8.vhd:24' bound to instance 'regCh2' of component 'register8' [/home/xilinx/training/functions/completed/KCU105/functions.srcs/sources_1/imports/KCU105/LED_manager.vhd:65]
INFO: [Synth 8-226] default block is never used [/home/xilinx/training/functions/completed/KCU105/functions.srcs/sources_1/imports/KCU105/LED_manager.vhd:76]
INFO: [Synth 8-256] done synthesizing module 'LED_manager' (7#1) [/home/xilinx/training/functions/completed/KCU105/functions.srcs/sources_1/imports/KCU105/LED_manager.vhd:36]
INFO: [Synth 8-256] done synthesizing module 'uart_led' (8#1) [/home/xilinx/training/functions/completed/KCU105/functions.srcs/sources_1/imports/KCU105/uart_led.vhd:73]
---------------------------------------------------------------------------------
Finished Synthesize : Time (s): cpu = 00:00:11 ; elapsed = 00:00:12 . Memory (MB): peak = 2579.809 ; gain = 0.000 ; free physical = 4083 ; free virtual = 9075
---------------------------------------------------------------------------------
---------------------------------------------------------------------------------
Finished Constraint Validation : Time (s): cpu = 00:00:11 ; elapsed = 00:00:13 . Memory (MB): peak = 2579.809 ; gain = 0.000 ; free physical = 4064 ; free virtual = 9057
---------------------------------------------------------------------------------
---------------------------------------------------------------------------------
Start Loading Part and Timing Information
---------------------------------------------------------------------------------
Loading part: xcku040-ffva1156-2-e
INFO: [Synth 8-6742] Reading net delay rules and data
INFO: [Device 21-403] Loading part xcku040-ffva1156-2-e
---------------------------------------------------------------------------------
Finished Loading Part and Timing Information : Time (s): cpu = 00:00:11 ; elapsed = 00:00:13 . Memory (MB): peak = 2587.812 ; gain = 8.004 ; free physical = 4064 ; free virtual = 9056
---------------------------------------------------------------------------------
INFO: [Synth 8-802] inferred FSM for state register 'state_reg' in module 'uart_rx_ctl'
---------------------------------------------------------------------------------------------------
                   State |                     New Encoding |                Previous Encoding 
---------------------------------------------------------------------------------------------------
                 iSTATE1 |                               00 |                               00
                  iSTATE |                               01 |                               01
                 iSTATE0 |                               10 |                               10
                 iSTATE2 |                               11 |                               11
---------------------------------------------------------------------------------------------------
INFO: [Synth 8-3354] encoded FSM with state register 'state_reg' using encoding 'sequential' in module 'uart_rx_ctl'
---------------------------------------------------------------------------------
Finished RTL Optimization Phase 2 : Time (s): cpu = 00:00:12 ; elapsed = 00:00:13 . Memory (MB): peak = 2587.812 ; gain = 8.004 ; free physical = 4040 ; free virtual = 9033
---------------------------------------------------------------------------------
No constraint files found.
---------------------------------------------------------------------------------
Start RTL Component Statistics 
---------------------------------------------------------------------------------
Detailed RTL Component Info : 
+---Adders : 
	   2 Input    5 Bit       Adders := 1     
	   2 Input    4 Bit       Adders := 2     
+---Registers : 
	                8 Bit    Registers := 4     
	                5 Bit    Registers := 1     
	                4 Bit    Registers := 2     
	                2 Bit    Registers := 1     
	                1 Bit    Registers := 11    
+---Muxes : 
	   2 Input    8 Bit        Muxes := 3     
	   4 Input    4 Bit        Muxes := 1     
	   2 Input    4 Bit        Muxes := 4     
	   2 Input    3 Bit        Muxes := 1     
	   5 Input    2 Bit        Muxes := 1     
	   2 Input    2 Bit        Muxes := 3     
	   4 Input    2 Bit        Muxes := 1     
	   2 Input    1 Bit        Muxes := 13    
	   4 Input    1 Bit        Muxes := 1     
---------------------------------------------------------------------------------
Finished RTL Component Statistics 
---------------------------------------------------------------------------------
---------------------------------------------------------------------------------
Start Part Resource Summary
---------------------------------------------------------------------------------
Part Resources:
DSPs: 1920 (col length:120)
BRAMs: 1200 (col length: RAMB18 120 RAMB36 60)
---------------------------------------------------------------------------------
Finished Part Resource Summary
---------------------------------------------------------------------------------
No constraint files found.
---------------------------------------------------------------------------------
Start Cross Boundary and Area Optimization
---------------------------------------------------------------------------------
---------------------------------------------------------------------------------
Finished Cross Boundary and Area Optimization : Time (s): cpu = 00:00:20 ; elapsed = 00:00:22 . Memory (MB): peak = 2587.812 ; gain = 8.004 ; free physical = 3608 ; free virtual = 8604
---------------------------------------------------------------------------------
No constraint files found.
---------------------------------------------------------------------------------
Start Timing Optimization
---------------------------------------------------------------------------------
---------------------------------------------------------------------------------
Finished Timing Optimization : Time (s): cpu = 00:00:20 ; elapsed = 00:00:22 . Memory (MB): peak = 2587.812 ; gain = 8.004 ; free physical = 3606 ; free virtual = 8602
---------------------------------------------------------------------------------
---------------------------------------------------------------------------------
Start Technology Mapping
---------------------------------------------------------------------------------
---------------------------------------------------------------------------------
Finished Technology Mapping : Time (s): cpu = 00:00:20 ; elapsed = 00:00:22 . Memory (MB): peak = 2587.812 ; gain = 8.004 ; free physical = 3606 ; free virtual = 8602
---------------------------------------------------------------------------------
---------------------------------------------------------------------------------
Start IO Insertion
---------------------------------------------------------------------------------
---------------------------------------------------------------------------------
Start Flattening Before IO Insertion
---------------------------------------------------------------------------------
---------------------------------------------------------------------------------
Finished Flattening Before IO Insertion
---------------------------------------------------------------------------------
---------------------------------------------------------------------------------
Start Final Netlist Cleanup
---------------------------------------------------------------------------------
---------------------------------------------------------------------------------
Finished Final Netlist Cleanup
---------------------------------------------------------------------------------
---------------------------------------------------------------------------------
Finished IO Insertion : Time (s): cpu = 00:00:28 ; elapsed = 00:00:31 . Memory (MB): peak = 2587.812 ; gain = 8.004 ; free physical = 3427 ; free virtual = 8429
---------------------------------------------------------------------------------
---------------------------------------------------------------------------------
Start Renaming Generated Instances
---------------------------------------------------------------------------------
---------------------------------------------------------------------------------
Finished Renaming Generated Instances : Time (s): cpu = 00:00:28 ; elapsed = 00:00:31 . Memory (MB): peak = 2587.812 ; gain = 8.004 ; free physical = 3427 ; free virtual = 8429
---------------------------------------------------------------------------------
---------------------------------------------------------------------------------
Start Rebuilding User Hierarchy
---------------------------------------------------------------------------------
---------------------------------------------------------------------------------
Finished Rebuilding User Hierarchy : Time (s): cpu = 00:00:28 ; elapsed = 00:00:31 . Memory (MB): peak = 2587.812 ; gain = 8.004 ; free physical = 3427 ; free virtual = 8429
---------------------------------------------------------------------------------
---------------------------------------------------------------------------------
Start Renaming Generated Ports
---------------------------------------------------------------------------------
---------------------------------------------------------------------------------
Finished Renaming Generated Ports : Time (s): cpu = 00:00:28 ; elapsed = 00:00:31 . Memory (MB): peak = 2587.812 ; gain = 8.004 ; free physical = 3427 ; free virtual = 8429
---------------------------------------------------------------------------------
---------------------------------------------------------------------------------
Start Handling Custom Attributes
---------------------------------------------------------------------------------
---------------------------------------------------------------------------------
Finished Handling Custom Attributes : Time (s): cpu = 00:00:28 ; elapsed = 00:00:31 . Memory (MB): peak = 2587.812 ; gain = 8.004 ; free physical = 3427 ; free virtual = 8429
---------------------------------------------------------------------------------
---------------------------------------------------------------------------------
Start Renaming Generated Nets
---------------------------------------------------------------------------------
---------------------------------------------------------------------------------
Finished Renaming Generated Nets : Time (s): cpu = 00:00:28 ; elapsed = 00:00:31 . Memory (MB): peak = 2587.812 ; gain = 8.004 ; free physical = 3427 ; free virtual = 8429
---------------------------------------------------------------------------------
---------------------------------------------------------------------------------
Start Writing Synthesis Report
---------------------------------------------------------------------------------

Report BlackBoxes: 
+-+--------------+----------+
| |BlackBox name |Instances |
+-+--------------+----------+
+-+--------------+----------+

Report Cell Usage: 
+------+------+------+
|      |Cell  |Count |
+------+------+------+
|1     |BUFG  |     1|
|2     |LUT1  |     3|
|3     |LUT2  |    13|
|4     |LUT3  |     5|
|5     |LUT4  |     6|
|6     |LUT5  |    12|
|7     |LUT6  |    13|
|8     |FDPE  |     2|
|9     |FDRE  |    43|
|10    |FDSE  |     6|
|11    |IBUF  |     3|
|12    |IBUFG |     1|
|13    |OBUF  |     8|
+------+------+------+

Report Instance Areas: 
+------+------------------------+--------------+------+
|      |Instance                |Module        |Cells |
+------+------------------------+--------------+------+
|1     |top                     |              |   116|
|2     |  LEDman                |LED_manager   |    24|
|3     |    regCh1              |register8     |    16|
|4     |  meta_harden_rst_i0    |reset_bridge  |     2|
|5     |  meta_harden_sel_i0    |meta_harden   |     2|
|6     |  uart_rx_i0            |uart_rx       |    75|
|7     |    meta_harden_rxd_i0  |meta_harden_0 |     2|
|8     |    uart_baud_gen_rx_i0 |uart_baud_gen |    14|
|9     |    uart_rx_ctl_i0      |uart_rx_ctl   |    59|
+------+------------------------+--------------+------+
---------------------------------------------------------------------------------
Finished Writing Synthesis Report : Time (s): cpu = 00:00:28 ; elapsed = 00:00:31 . Memory (MB): peak = 2587.812 ; gain = 8.004 ; free physical = 3427 ; free virtual = 8429
---------------------------------------------------------------------------------
Synthesis finished with 0 errors, 0 critical warnings and 0 warnings.
Synthesis Optimization Runtime : Time (s): cpu = 00:00:28 ; elapsed = 00:00:31 . Memory (MB): peak = 2587.812 ; gain = 8.004 ; free physical = 3428 ; free virtual = 8430
Synthesis Optimization Complete : Time (s): cpu = 00:00:28 ; elapsed = 00:00:31 . Memory (MB): peak = 2587.820 ; gain = 8.004 ; free physical = 3428 ; free virtual = 8430
INFO: [Project 1-571] Translating synthesized netlist
Netlist sorting complete. Time (s): cpu = 00:00:00 ; elapsed = 00:00:00 . Memory (MB): peak = 2587.820 ; gain = 0.000 ; free physical = 3514 ; free virtual = 8516
INFO: [Netlist 29-17] Analyzing 5 Unisim elements for replacement
WARNING: [Netlist 29-432] The IBUFG primitive 'IBUFG_clk_i0' has been retargeted to an IBUF primitive only. No BUFG will be added. If a global buffer is intended, please instantiate an available global clock primitive from the current architecture.
INFO: [Netlist 29-28] Unisim Transformation completed in 0 CPU seconds
INFO: [Project 1-570] Preparing netlist for logic optimization
INFO: [Opt 31-138] Pushed 0 inverter(s) to 0 load pin(s).
Netlist sorting complete. Time (s): cpu = 00:00:00 ; elapsed = 00:00:00 . Memory (MB): peak = 2676.457 ; gain = 0.000 ; free physical = 3355 ; free virtual = 8358
INFO: [Project 1-111] Unisim Transformation Summary:
  A total of 5 instances were transformed.
  BUFG => BUFGCE: 1 instance 
  IBUF => IBUF (IBUFCTRL, INBUF): 3 instances
  IBUFG => IBUF (IBUFCTRL, INBUF): 1 instance 

Synth Design complete, checksum: 8de88e73
INFO: [Common 17-83] Releasing license: Synthesis
55 Infos, 1 Warnings, 0 Critical Warnings and 0 Errors encountered.
synth_design completed successfully
synth_design: Time (s): cpu = 00:00:37 ; elapsed = 00:00:33 . Memory (MB): peak = 2676.457 ; gain = 104.594 ; free physical = 3433 ; free virtual = 8436
INFO: [Common 17-1381] The checkpoint '/home/xilinx/training/functions/completed/KCU105/functions.runs/synth_1/uart_led.dcp' has been generated.
INFO: [runtcl-4] Executing : report_utilization -file uart_led_utilization_synth.rpt -pb uart_led_utilization_synth.pb
INFO: [Common 17-206] Exiting Vivado at Wed Sep  1 23:23:22 2021...
