Vivado Simulator 2019.2
Time resolution is 1 ps
Stopped at time : 1005 ns : File "C:/Users/idowe/FPGA Projects/FPGA-Course-Logtel/logtel_book_labs/lab15/lab15.srcs/sources_1/new/CALCULATOR_UNIT.vhd" Line 76
Stopped at time : 1005 ns : File "C:/Users/idowe/FPGA Projects/FPGA-Course-Logtel/logtel_book_labs/lab15/lab15.srcs/sources_1/new/CALCULATOR_UNIT.vhd" Line 77
Stopped at time : 1005 ns : File "C:/Users/idowe/FPGA Projects/FPGA-Course-Logtel/logtel_book_labs/lab15/lab15.srcs/sources_1/new/CALCULATOR_UNIT.vhd" Line 78
Stopped at time : 1005 ns : File "C:/Users/idowe/FPGA Projects/FPGA-Course-Logtel/logtel_book_labs/lab15/lab15.srcs/sources_1/new/CALCULATOR_UNIT.vhd" Line 84
Stopped at time : 1005 ns : File "C:/Users/idowe/FPGA Projects/FPGA-Course-Logtel/logtel_book_labs/lab15/lab15.srcs/sources_1/new/CALCULATOR_UNIT.vhd" Line 116
Stopped at time : 1005 ns : File "C:/Users/idowe/FPGA Projects/FPGA-Course-Logtel/logtel_book_labs/lab15/lab15.srcs/sources_1/new/CALCULATOR_UNIT.vhd" Line 119
Stopped at time : 1005 ns : File "C:/Users/idowe/FPGA Projects/FPGA-Course-Logtel/logtel_book_labs/lab15/lab15.srcs/sources_1/new/CALCULATOR_UNIT.vhd" Line 127
Stopped at time : 1005 ns : File "C:/Users/idowe/FPGA Projects/FPGA-Course-Logtel/logtel_book_labs/lab15/lab15.srcs/sources_1/new/CALCULATOR_UNIT.vhd" Line 131
Stopped at time : 1005 ns : File "C:/Users/idowe/FPGA Projects/FPGA-Course-Logtel/logtel_book_labs/lab15/lab15.srcs/sources_1/new/CALCULATOR_UNIT.vhd" Line 136
Stopped at time : 1005 ns : File "C:/Users/idowe/FPGA Projects/FPGA-Course-Logtel/logtel_book_labs/lab15/lab15.srcs/sources_1/new/CALCULATOR_UNIT.vhd" Line 137
Stopped at time : 1005 ns : File "C:/Users/idowe/FPGA Projects/FPGA-Course-Logtel/logtel_book_labs/lab15/lab15.srcs/sources_1/new/CALCULATOR_UNIT.vhd" Line 138
Stopped at time : 1005 ns : File "C:/Users/idowe/FPGA Projects/FPGA-Course-Logtel/logtel_book_labs/lab15/lab15.srcs/sources_1/new/CALCULATOR_UNIT.vhd" Line 139
Stopped at time : 1005 ns : File "C:/Users/idowe/FPGA Projects/FPGA-Course-Logtel/logtel_book_labs/lab15/lab15.srcs/sim_1/new/CALCULATOR_UNIT_TB.vhd" Line 83
Stopped at time : 1010 ns : File "C:/Users/idowe/FPGA Projects/FPGA-Course-Logtel/logtel_book_labs/lab15/lab15.srcs/sources_1/new/CALCULATOR_UNIT.vhd" Line 76
Stopped at time : 1010 ns : File "C:/Users/idowe/FPGA Projects/FPGA-Course-Logtel/logtel_book_labs/lab15/lab15.srcs/sources_1/new/CALCULATOR_UNIT.vhd" Line 77
Stopped at time : 1010 ns : File "C:/Users/idowe/FPGA Projects/FPGA-Course-Logtel/logtel_book_labs/lab15/lab15.srcs/sim_1/new/CALCULATOR_UNIT_TB.vhd" Line 83
Stopped at time : 1015 ns : File "C:/Users/idowe/FPGA Projects/FPGA-Course-Logtel/logtel_book_labs/lab15/lab15.srcs/sources_1/new/CALCULATOR_UNIT.vhd" Line 76
Stopped at time : 1015 ns : File "C:/Users/idowe/FPGA Projects/FPGA-Course-Logtel/logtel_book_labs/lab15/lab15.srcs/sources_1/new/CALCULATOR_UNIT.vhd" Line 77
Stopped at time : 1015 ns : File "C:/Users/idowe/FPGA Projects/FPGA-Course-Logtel/logtel_book_labs/lab15/lab15.srcs/sources_1/new/CALCULATOR_UNIT.vhd" Line 78
Stopped at time : 1015 ns : File "C:/Users/idowe/FPGA Projects/FPGA-Course-Logtel/logtel_book_labs/lab15/lab15.srcs/sources_1/new/CALCULATOR_UNIT.vhd" Line 84
Stopped at time : 1015 ns : File "C:/Users/idowe/FPGA Projects/FPGA-Course-Logtel/logtel_book_labs/lab15/lab15.srcs/sources_1/new/CALCULATOR_UNIT.vhd" Line 116
Stopped at time : 1015 ns : File "C:/Users/idowe/FPGA Projects/FPGA-Course-Logtel/logtel_book_labs/lab15/lab15.srcs/sources_1/new/CALCULATOR_UNIT.vhd" Line 119
Stopped at time : 1015 ns : File "C:/Users/idowe/FPGA Projects/FPGA-Course-Logtel/logtel_book_labs/lab15/lab15.srcs/sources_1/new/CALCULATOR_UNIT.vhd" Line 127
Stopped at time : 1015 ns : File "C:/Users/idowe/FPGA Projects/FPGA-Course-Logtel/logtel_book_labs/lab15/lab15.srcs/sources_1/new/CALCULATOR_UNIT.vhd" Line 131
Stopped at time : 1015 ns : File "C:/Users/idowe/FPGA Projects/FPGA-Course-Logtel/logtel_book_labs/lab15/lab15.srcs/sources_1/new/CALCULATOR_UNIT.vhd" Line 136
Stopped at time : 1015 ns : File "C:/Users/idowe/FPGA Projects/FPGA-Course-Logtel/logtel_book_labs/lab15/lab15.srcs/sources_1/new/CALCULATOR_UNIT.vhd" Line 142
Stopped at time : 1015 ns : File "C:/Users/idowe/FPGA Projects/FPGA-Course-Logtel/logtel_book_labs/lab15/lab15.srcs/sources_1/new/CALCULATOR_UNIT.vhd" Line 143
Stopped at time : 1015 ns : File "C:/Users/idowe/FPGA Projects/FPGA-Course-Logtel/logtel_book_labs/lab15/lab15.srcs/sim_1/new/CALCULATOR_UNIT_TB.vhd" Line 83
Stopped at time : 1020 ns : File "C:/Users/idowe/FPGA Projects/FPGA-Course-Logtel/logtel_book_labs/lab15/lab15.srcs/sources_1/new/CALCULATOR_UNIT.vhd" Line 76
Stopped at time : 1020 ns : File "C:/Users/idowe/FPGA Projects/FPGA-Course-Logtel/logtel_book_labs/lab15/lab15.srcs/sources_1/new/CALCULATOR_UNIT.vhd" Line 77
Stopped at time : 1020 ns : File "C:/Users/idowe/FPGA Projects/FPGA-Course-Logtel/logtel_book_labs/lab15/lab15.srcs/sim_1/new/CALCULATOR_UNIT_TB.vhd" Line 83
Stopped at time : 1025 ns : File "C:/Users/idowe/FPGA Projects/FPGA-Course-Logtel/logtel_book_labs/lab15/lab15.srcs/sources_1/new/CALCULATOR_UNIT.vhd" Line 76
Stopped at time : 1025 ns : File "C:/Users/idowe/FPGA Projects/FPGA-Course-Logtel/logtel_book_labs/lab15/lab15.srcs/sources_1/new/CALCULATOR_UNIT.vhd" Line 77
Stopped at time : 1025 ns : File "C:/Users/idowe/FPGA Projects/FPGA-Course-Logtel/logtel_book_labs/lab15/lab15.srcs/sources_1/new/CALCULATOR_UNIT.vhd" Line 78
Stopped at time : 1025 ns : File "C:/Users/idowe/FPGA Projects/FPGA-Course-Logtel/logtel_book_labs/lab15/lab15.srcs/sources_1/new/CALCULATOR_UNIT.vhd" Line 84
Stopped at time : 1395 ns : File "C:/Users/idowe/FPGA Projects/FPGA-Course-Logtel/logtel_book_labs/lab15/lab15.srcs/sources_1/new/CALCULATOR_UNIT.vhd" Line 76
Stopped at time : 1395 ns : File "C:/Users/idowe/FPGA Projects/FPGA-Course-Logtel/logtel_book_labs/lab15/lab15.srcs/sources_1/new/CALCULATOR_UNIT.vhd" Line 77
Stopped at time : 1395 ns : File "C:/Users/idowe/FPGA Projects/FPGA-Course-Logtel/logtel_book_labs/lab15/lab15.srcs/sources_1/new/CALCULATOR_UNIT.vhd" Line 78
Stopped at time : 1395 ns : File "C:/Users/idowe/FPGA Projects/FPGA-Course-Logtel/logtel_book_labs/lab15/lab15.srcs/sources_1/new/CALCULATOR_UNIT.vhd" Line 84
Stopped at time : 1395 ns : File "C:/Users/idowe/FPGA Projects/FPGA-Course-Logtel/logtel_book_labs/lab15/lab15.srcs/sources_1/new/CALCULATOR_UNIT.vhd" Line 116
Stopped at time : 1395 ns : File "C:/Users/idowe/FPGA Projects/FPGA-Course-Logtel/logtel_book_labs/lab15/lab15.srcs/sources_1/new/CALCULATOR_UNIT.vhd" Line 119
Stopped at time : 1395 ns : File "C:/Users/idowe/FPGA Projects/FPGA-Course-Logtel/logtel_book_labs/lab15/lab15.srcs/sources_1/new/CALCULATOR_UNIT.vhd" Line 127
Stopped at time : 1395 ns : File "C:/Users/idowe/FPGA Projects/FPGA-Course-Logtel/logtel_book_labs/lab15/lab15.srcs/sources_1/new/CALCULATOR_UNIT.vhd" Line 131
Stopped at time : 1395 ns : File "C:/Users/idowe/FPGA Projects/FPGA-Course-Logtel/logtel_book_labs/lab15/lab15.srcs/sources_1/new/CALCULATOR_UNIT.vhd" Line 136
Stopped at time : 1395 ns : File "C:/Users/idowe/FPGA Projects/FPGA-Course-Logtel/logtel_book_labs/lab15/lab15.srcs/sources_1/new/CALCULATOR_UNIT.vhd" Line 142
Stopped at time : 1395 ns : File "C:/Users/idowe/FPGA Projects/FPGA-Course-Logtel/logtel_book_labs/lab15/lab15.srcs/sources_1/new/CALCULATOR_UNIT.vhd" Line 146
Stopped at time : 1395 ns : File "C:/Users/idowe/FPGA Projects/FPGA-Course-Logtel/logtel_book_labs/lab15/lab15.srcs/sources_1/new/CALCULATOR_UNIT.vhd" Line 161
Stopped at time : 1395 ns : File "C:/Users/idowe/FPGA Projects/FPGA-Course-Logtel/logtel_book_labs/lab15/lab15.srcs/sources_1/new/CALCULATOR_UNIT.vhd" Line 162
Stopped at time : 1395 ns : File "C:/Users/idowe/FPGA Projects/FPGA-Course-Logtel/logtel_book_labs/lab15/lab15.srcs/sources_1/new/CALCULATOR_UNIT.vhd" Line 163
Stopped at time : 1395 ns : File "C:/Users/idowe/FPGA Projects/FPGA-Course-Logtel/logtel_book_labs/lab15/lab15.srcs/sources_1/new/CALCULATOR_UNIT.vhd" Line 164
Stopped at time : 1395 ns : File "C:/Users/idowe/FPGA Projects/FPGA-Course-Logtel/logtel_book_labs/lab15/lab15.srcs/sim_1/new/CALCULATOR_UNIT_TB.vhd" Line 83
Stopped at time : 1400 ns : File "C:/Users/idowe/FPGA Projects/FPGA-Course-Logtel/logtel_book_labs/lab15/lab15.srcs/sources_1/new/CALCULATOR_UNIT.vhd" Line 76
Stopped at time : 1400 ns : File "C:/Users/idowe/FPGA Projects/FPGA-Course-Logtel/logtel_book_labs/lab15/lab15.srcs/sources_1/new/CALCULATOR_UNIT.vhd" Line 77
Stopped at time : 1400 ns : File "C:/Users/idowe/FPGA Projects/FPGA-Course-Logtel/logtel_book_labs/lab15/lab15.srcs/sim_1/new/CALCULATOR_UNIT_TB.vhd" Line 83
Stopped at time : 1405 ns : File "C:/Users/idowe/FPGA Projects/FPGA-Course-Logtel/logtel_book_labs/lab15/lab15.srcs/sources_1/new/CALCULATOR_UNIT.vhd" Line 76
Stopped at time : 1405 ns : File "C:/Users/idowe/FPGA Projects/FPGA-Course-Logtel/logtel_book_labs/lab15/lab15.srcs/sources_1/new/CALCULATOR_UNIT.vhd" Line 77
Stopped at time : 1405 ns : File "C:/Users/idowe/FPGA Projects/FPGA-Course-Logtel/logtel_book_labs/lab15/lab15.srcs/sources_1/new/CALCULATOR_UNIT.vhd" Line 78
Stopped at time : 1405 ns : File "C:/Users/idowe/FPGA Projects/FPGA-Course-Logtel/logtel_book_labs/lab15/lab15.srcs/sources_1/new/CALCULATOR_UNIT.vhd" Line 84
Stopped at time : 1405 ns : File "C:/Users/idowe/FPGA Projects/FPGA-Course-Logtel/logtel_book_labs/lab15/lab15.srcs/sources_1/new/CALCULATOR_UNIT.vhd" Line 116
Stopped at time : 1405 ns : File "C:/Users/idowe/FPGA Projects/FPGA-Course-Logtel/logtel_book_labs/lab15/lab15.srcs/sources_1/new/CALCULATOR_UNIT.vhd" Line 119
Stopped at time : 1405 ns : File "C:/Users/idowe/FPGA Projects/FPGA-Course-Logtel/logtel_book_labs/lab15/lab15.srcs/sources_1/new/CALCULATOR_UNIT.vhd" Line 127
Stopped at time : 1405 ns : File "C:/Users/idowe/FPGA Projects/FPGA-Course-Logtel/logtel_book_labs/lab15/lab15.srcs/sources_1/new/CALCULATOR_UNIT.vhd" Line 131
Stopped at time : 1405 ns : File "C:/Users/idowe/FPGA Projects/FPGA-Course-Logtel/logtel_book_labs/lab15/lab15.srcs/sources_1/new/CALCULATOR_UNIT.vhd" Line 136
Stopped at time : 1405 ns : File "C:/Users/idowe/FPGA Projects/FPGA-Course-Logtel/logtel_book_labs/lab15/lab15.srcs/sources_1/new/CALCULATOR_UNIT.vhd" Line 142
Stopped at time : 1405 ns : File "C:/Users/idowe/FPGA Projects/FPGA-Course-Logtel/logtel_book_labs/lab15/lab15.srcs/sources_1/new/CALCULATOR_UNIT.vhd" Line 146
Stopped at time : 1405 ns : File "C:/Users/idowe/FPGA Projects/FPGA-Course-Logtel/logtel_book_labs/lab15/lab15.srcs/sources_1/new/CALCULATOR_UNIT.vhd" Line 161
Stopped at time : 1405 ns : File "C:/Users/idowe/FPGA Projects/FPGA-Course-Logtel/logtel_book_labs/lab15/lab15.srcs/sources_1/new/CALCULATOR_UNIT.vhd" Line 170
Stopped at time : 1405 ns : File "C:/Users/idowe/FPGA Projects/FPGA-Course-Logtel/logtel_book_labs/lab15/lab15.srcs/sources_1/new/CALCULATOR_UNIT.vhd" Line 171
Stopped at time : 1405 ns : File "C:/Users/idowe/FPGA Projects/FPGA-Course-Logtel/logtel_book_labs/lab15/lab15.srcs/sources_1/new/CALCULATOR_UNIT.vhd" Line 172
Stopped at time : 1405 ns : File "C:/Users/idowe/FPGA Projects/FPGA-Course-Logtel/logtel_book_labs/lab15/lab15.srcs/sim_1/new/CALCULATOR_UNIT_TB.vhd" Line 83
Stopped at time : 1405 ns : File "C:/Users/idowe/FPGA Projects/FPGA-Course-Logtel/logtel_book_labs/lab15/lab15.srcs/sources_1/new/CALCULATOR_UNIT.vhd" Line 186
Stopped at time : 1410 ns : File "C:/Users/idowe/FPGA Projects/FPGA-Course-Logtel/logtel_book_labs/lab15/lab15.srcs/sources_1/new/CALCULATOR_UNIT.vhd" Line 76
Stopped at time : 1410 ns : File "C:/Users/idowe/FPGA Projects/FPGA-Course-Logtel/logtel_book_labs/lab15/lab15.srcs/sources_1/new/CALCULATOR_UNIT.vhd" Line 77
Stopped at time : 1410 ns : File "C:/Users/idowe/FPGA Projects/FPGA-Course-Logtel/logtel_book_labs/lab15/lab15.srcs/sim_1/new/CALCULATOR_UNIT_TB.vhd" Line 83
Stopped at time : 1415 ns : File "C:/Users/idowe/FPGA Projects/FPGA-Course-Logtel/logtel_book_labs/lab15/lab15.srcs/sources_1/new/CALCULATOR_UNIT.vhd" Line 76
Stopped at time : 1415 ns : File "C:/Users/idowe/FPGA Projects/FPGA-Course-Logtel/logtel_book_labs/lab15/lab15.srcs/sources_1/new/CALCULATOR_UNIT.vhd" Line 77
Stopped at time : 1415 ns : File "C:/Users/idowe/FPGA Projects/FPGA-Course-Logtel/logtel_book_labs/lab15/lab15.srcs/sources_1/