
*** Running vivado
    with args -log design_1_wrapper.vds -m64 -product Vivado -mode batch -messageDb vivado.pb -notrace -source design_1_wrapper.tcl


****** Vivado v2019.2 (64-bit)
  **** SW Build 2708876 on Wed Nov  6 21:40:23 MST 2019
  **** IP Build 2700528 on Thu Nov  7 00:09:20 MST 2019
    ** Copyright 1986-2019 Xilinx, Inc. All Rights Reserved.

source design_1_wrapper.tcl -notrace
INFO: [IP_Flow 19-234] Refreshing IP repositories
INFO: [IP_Flow 19-1704] No user IP repositories specified
INFO: [IP_Flow 19-2313] Loaded Vivado IP repository 'C:/Xilinx/Vivado/2019.2/data/ip'.
Command: synth_design -top design_1_wrapper -part xc7a100tcsg324-1
Starting synth_design
Attempting to get a license for feature 'Synthesis' and/or device 'xc7a100t'
INFO: [Common 17-349] Got license for feature 'Synthesis' and/or device 'xc7a100t'
INFO: [Device 21-403] Loading part xc7a100tcsg324-1
INFO: Launching helper process for spawning children vivado processes
INFO: Helper process launched with PID 22824 
---------------------------------------------------------------------------------
Starting RTL Elaboration : Time (s): cpu = 00:00:02 ; elapsed = 00:00:03 . Memory (MB): peak = 1008.840 ; gain = 233.801
---------------------------------------------------------------------------------
INFO: [Synth 8-638] synthesizing module 'design_1_wrapper' [c:/Users/idowe/FPGA Projects/FPGA-Course-Logtel/logtel_book_labs/blk_mem_gen_0_ex/blk_mem_gen_0_ex.srcs/sources_1/bd/design_1/hdl/design_1_wrapper.vhd:25]
INFO: [Synth 8-3491] module 'design_1' declared at 'c:/Users/idowe/FPGA Projects/FPGA-Course-Logtel/logtel_book_labs/blk_mem_gen_0_ex/blk_mem_gen_0_ex.srcs/sources_1/bd/design_1/synth/design_1.vhd:574' bound to instance 'design_1_i' of component 'design_1' [c:/Users/idowe/FPGA Projects/FPGA-Course-Logtel/logtel_book_labs/blk_mem_gen_0_ex/blk_mem_gen_0_ex.srcs/sources_1/bd/design_1/hdl/design_1_wrapper.vhd:37]
INFO: [Synth 8-638] synthesizing module 'design_1' [c:/Users/idowe/FPGA Projects/FPGA-Course-Logtel/logtel_book_labs/blk_mem_gen_0_ex/blk_mem_gen_0_ex.srcs/sources_1/bd/design_1/synth/design_1.vhd:589]
INFO: [Synth 8-3491] module 'design_1_axi_uartlite_0_0' declared at 'c:/Users/idowe/FPGA Projects/FPGA-Course-Logtel/logtel_book_labs/blk_mem_gen_0_ex/blk_mem_gen_0_ex.runs/synth_1/.Xil/Vivado-14288-Ido/realtime/design_1_axi_uartlite_0_0_stub.vhdl:5' bound to instance 'axi_uartlite_0' of component 'design_1_axi_uartlite_0_0' [c:/Users/idowe/FPGA Projects/FPGA-Course-Logtel/logtel_book_labs/blk_mem_gen_0_ex/blk_mem_gen_0_ex.srcs/sources_1/bd/design_1/synth/design_1.vhd:746]
INFO: [Synth 8-638] synthesizing module 'design_1_axi_uartlite_0_0' [c:/Users/idowe/FPGA Projects/FPGA-Course-Logtel/logtel_book_labs/blk_mem_gen_0_ex/blk_mem_gen_0_ex.runs/synth_1/.Xil/Vivado-14288-Ido/realtime/design_1_axi_uartlite_0_0_stub.vhdl:33]
INFO: [Synth 8-3491] module 'design_1_clk_wiz_0' declared at 'c:/Users/idowe/FPGA Projects/FPGA-Course-Logtel/logtel_book_labs/blk_mem_gen_0_ex/blk_mem_gen_0_ex.runs/synth_1/.Xil/Vivado-14288-Ido/realtime/design_1_clk_wiz_0_stub.vhdl:5' bound to instance 'clk_wiz' of component 'design_1_clk_wiz_0' [c:/Users/idowe/FPGA Projects/FPGA-Course-Logtel/logtel_book_labs/blk_mem_gen_0_ex/blk_mem_gen_0_ex.srcs/sources_1/bd/design_1/synth/design_1.vhd:771]
INFO: [Synth 8-638] synthesizing module 'design_1_clk_wiz_0' [c:/Users/idowe/FPGA Projects/FPGA-Course-Logtel/logtel_book_labs/blk_mem_gen_0_ex/blk_mem_gen_0_ex.runs/synth_1/.Xil/Vivado-14288-Ido/realtime/design_1_clk_wiz_0_stub.vhdl:15]
INFO: [Synth 8-3491] module 'design_1_jtag_axi_0_0' declared at 'c:/Users/idowe/FPGA Projects/FPGA-Course-Logtel/logtel_book_labs/blk_mem_gen_0_ex/blk_mem_gen_0_ex.runs/synth_1/.Xil/Vivado-14288-Ido/realtime/design_1_jtag_axi_0_0_stub.vhdl:5' bound to instance 'jtag_axi_0' of component 'design_1_jtag_axi_0_0' [c:/Users/idowe/FPGA Projects/FPGA-Course-Logtel/logtel_book_labs/blk_mem_gen_0_ex/blk_mem_gen_0_ex.srcs/sources_1/bd/design_1/synth/design_1.vhd:778]
INFO: [Synth 8-638] synthesizing module 'design_1_jtag_axi_0_0' [c:/Users/idowe/FPGA Projects/FPGA-Course-Logtel/logtel_book_labs/blk_mem_gen_0_ex/blk_mem_gen_0_ex.runs/synth_1/.Xil/Vivado-14288-Ido/realtime/design_1_jtag_axi_0_0_stub.vhdl:50]
INFO: [Synth 8-638] synthesizing module 'design_1_jtag_axi_0_axi_periph_0' [c:/Users/idowe/FPGA Projects/FPGA-Course-Logtel/logtel_book_labs/blk_mem_gen_0_ex/blk_mem_gen_0_ex.srcs/sources_1/bd/design_1/synth/design_1.vhd:390]
INFO: [Synth 8-638] synthesizing module 's00_couplers_imp_1UACJD2' [c:/Users/idowe/FPGA Projects/FPGA-Course-Logtel/logtel_book_labs/blk_mem_gen_0_ex/blk_mem_gen_0_ex.srcs/sources_1/bd/design_1/synth/design_1.vhd:77]
INFO: [Synth 8-3491] module 'design_1_auto_pc_0' declared at 'c:/Users/idowe/FPGA Projects/FPGA-Course-Logtel/logtel_book_labs/blk_mem_gen_0_ex/blk_mem_gen_0_ex.runs/synth_1/.Xil/Vivado-14288-Ido/realtime/design_1_auto_pc_0_stub.vhdl:5' bound to instance 'auto_pc' of component 'design_1_auto_pc_0' [c:/Users/idowe/FPGA Projects/FPGA-Course-Logtel/logtel_book_labs/blk_mem_gen_0_ex/blk_mem_gen_0_ex.srcs/sources_1/bd/design_1/synth/design_1.vhd:257]
INFO: [Synth 8-638] synthesizing module 'design_1_auto_pc_0' [c:/Users/idowe/FPGA Projects/FPGA-Course-Logtel/logtel_book_labs/blk_mem_gen_0_ex/blk_mem_gen_0_ex.runs/synth_1/.Xil/Vivado-14288-Ido/realtime/design_1_auto_pc_0_stub.vhdl:71]
INFO: [Synth 8-256] done synthesizing module 's00_couplers_imp_1UACJD2' (1#1) [c:/Users/idowe/FPGA Projects/FPGA-Course-Logtel/logtel_book_labs/blk_mem_gen_0_ex/blk_mem_gen_0_ex.srcs/sources_1/bd/design_1/synth/design_1.vhd:77]
INFO: [Synth 8-256] done synthesizing module 'design_1_jtag_axi_0_axi_periph_0' (2#1) [c:/Users/idowe/FPGA Projects/FPGA-Course-Logtel/logtel_book_labs/blk_mem_gen_0_ex/blk_mem_gen_0_ex.srcs/sources_1/bd/design_1/synth/design_1.vhd:390]
INFO: [Synth 8-256] done synthesizing module 'design_1' (3#1) [c:/Users/idowe/FPGA Projects/FPGA-Course-Logtel/logtel_book_labs/blk_mem_gen_0_ex/blk_mem_gen_0_ex.srcs/sources_1/bd/design_1/synth/design_1.vhd:589]
INFO: [Synth 8-256] done synthesizing module 'design_1_wrapper' (4#1) [c:/Users/idowe/FPGA Projects/FPGA-Course-Logtel/logtel_book_labs/blk_mem_gen_0_ex/blk_mem_gen_0_ex.srcs/sources_1/bd/design_1/hdl/design_1_wrapper.vhd:25]
WARNING: [Synth 8-3331] design s00_couplers_imp_1UACJD2 has unconnected port M_ACLK
WARNING: [Synth 8-3331] design s00_couplers_imp_1UACJD2 has unconnected port M_ARESETN
WARNING: [Synth 8-3331] design design_1_jtag_axi_0_axi_periph_0 has unconnected port ACLK
WARNING: [Synth 8-3331] design design_1_jtag_axi_0_axi_periph_0 has unconnected port ARESETN
---------------------------------------------------------------------------------
Finished RTL Elaboration : Time (s): cpu = 00:00:03 ; elapsed = 00:00:03 . Memory (MB): peak = 1085.625 ; gain = 310.586
---------------------------------------------------------------------------------

Report Check Netlist: 
+------+------------------+-------+---------+-------+------------------+
|      |Item              |Errors |Warnings |Status |Description       |
+------+------------------+-------+---------+-------+------------------+
|1     |multi_driven_nets |      0|        0|Passed |Multi driven nets |
+------+------------------+-------+---------+-------+------------------+
---------------------------------------------------------------------------------
Start Handling Custom Attributes
---------------------------------------------------------------------------------
---------------------------------------------------------------------------------
Finished Handling Custom Attributes : Time (s): cpu = 00:00:03 ; elapsed = 00:00:04 . Memory (MB): peak = 1085.625 ; gain = 310.586
---------------------------------------------------------------------------------
---------------------------------------------------------------------------------
Finished RTL Optimization Phase 1 : Time (s): cpu = 00:00:03 ; elapsed = 00:00:04 . Memory (MB): peak = 1085.625 ; gain = 310.586
---------------------------------------------------------------------------------
Netlist sorting complete. Time (s): cpu = 00:00:00 ; elapsed = 00:00:00.005 . Memory (MB): peak = 1085.625 ; gain = 0.000
INFO: [Project 1-570] Preparing netlist for logic optimization

Processing XDC Constraints
Initializing timing engine
Parsing XDC File [c:/Users/idowe/FPGA Projects/FPGA-Course-Logtel/logtel_book_labs/blk_mem_gen_0_ex/blk_mem_gen_0_ex.srcs/sources_1/bd/design_1/ip/design_1_jtag_axi_0_0/design_1_jtag_axi_0_0/design_1_jtag_axi_0_0_in_context.xdc] for cell 'design_1_i/jtag_axi_0'
Finished Parsing XDC File [c:/Users/idowe/FPGA Projects/FPGA-Course-Logtel/logtel_book_labs/blk_mem_gen_0_ex/blk_mem_gen_0_ex.srcs/sources_1/bd/design_1/ip/design_1_jtag_axi_0_0/design_1_jtag_axi_0_0/design_1_jtag_axi_0_0_in_context.xdc] for cell 'design_1_i/jtag_axi_0'
Parsing XDC File [c:/Users/idowe/FPGA Projects/FPGA-Course-Logtel/logtel_book_labs/blk_mem_gen_0_ex/blk_mem_gen_0_ex.srcs/sources_1/bd/design_1/ip/design_1_axi_uartlite_0_0/design_1_axi_uartlite_0_0/design_1_axi_uartlite_0_0_in_context.xdc] for cell 'design_1_i/axi_uartlite_0'
Finished Parsing XDC File [c:/Users/idowe/FPGA Projects/FPGA-Course-Logtel/logtel_book_labs/blk_mem_gen_0_ex/blk_mem_gen_0_ex.srcs/sources_1/bd/design_1/ip/design_1_axi_uartlite_0_0/design_1_axi_uartlite_0_0/design_1_axi_uartlite_0_0_in_context.xdc] for cell 'design_1_i/axi_uartlite_0'
Parsing XDC File [c:/Users/idowe/FPGA Projects/FPGA-Course-Logtel/logtel_book_labs/blk_mem_gen_0_ex/blk_mem_gen_0_ex.srcs/sources_1/bd/design_1/ip/design_1_clk_wiz_0/design_1_clk_wiz_0/design_1_clk_wiz_0_in_context.xdc] for cell 'design_1_i/clk_wiz'
Finished Parsing XDC File [c:/Users/idowe/FPGA Projects/FPGA-Course-Logtel/logtel_book_labs/blk_mem_gen_0_ex/blk_mem_gen_0_ex.srcs/sources_1/bd/design_1/ip/design_1_clk_wiz_0/design_1_clk_wiz_0/design_1_clk_wiz_0_in_context.xdc] for cell 'design_1_i/clk_wiz'
Parsing XDC File [c:/Users/idowe/FPGA Projects/FPGA-Course-Logtel/logtel_book_labs/blk_mem_gen_0_ex/blk_mem_gen_0_ex.srcs/sources_1/bd/design_1/ip/design_1_auto_pc_0/design_1_auto_pc_0/design_1_auto_pc_0_in_context.xdc] for cell 'design_1_i/jtag_axi_0_axi_periph/s00_couplers/auto_pc'
Finished Parsing XDC File [c:/Users/idowe/FPGA Projects/FPGA-Course-Logtel/logtel_book_labs/blk_mem_gen_0_ex/blk_mem_gen_0_ex.srcs/sources_1/bd/design_1/ip/design_1_auto_pc_0/design_1_auto_pc_0/design_1_auto_pc_0_in_context.xdc] for cell 'design_1_i/jtag_axi_0_axi_periph/s00_couplers/auto_pc'
Parsing XDC File [c:/Users/idowe/FPGA Projects/FPGA-Course-Logtel/logtel_book_labs/blk_mem_gen_0_ex/imports/blk_mem_gen_0_exdes.xdc]
WARNING: [Vivado 12-584] No ports matched 'CLK_IN'. [c:/Users/idowe/FPGA Projects/FPGA-Course-Logtel/logtel_book_labs/blk_mem_gen_0_ex/imports/blk_mem_gen_0_exdes.xdc:55]
Finished Parsing XDC File [c:/Users/idowe/FPGA Projects/FPGA-Course-Logtel/logtel_book_labs/blk_mem_gen_0_ex/imports/blk_mem_gen_0_exdes.xdc]
WARNING: [Project 1-498] One or more constraints failed evaluation while reading constraint file [c:/Users/idowe/FPGA Projects/FPGA-Course-Logtel/logtel_book_labs/blk_mem_gen_0_ex/imports/blk_mem_gen_0_exdes.xdc] and the design contains unresolved black boxes. These constraints will be read post-synthesis (as long as their source constraint file is marked as used_in_implementation) and should be applied correctly then. You should review the constraints listed in the file [.Xil/design_1_wrapper_propImpl.xdc] and check the run log file to verify that these constraints were correctly applied.
Parsing XDC File [C:/Users/idowe/FPGA Projects/FPGA-Course-Logtel/logtel_book_labs/lab20/bh_llb.xdc]
WARNING: [Vivado 12-584] No ports matched 'CLK_IN'. [C:/Users/idowe/FPGA Projects/FPGA-Course-Logtel/logtel_book_labs/lab20/bh_llb.xdc:174]
WARNING: [Vivado 12-584] No ports matched 'STATUS[6]'. [C:/Users/idowe/FPGA Projects/FPGA-Course-Logtel/logtel_book_labs/lab20/bh_llb.xdc:175]
WARNING: [Vivado 12-584] No ports matched 'STATUS[5]'. [C:/Users/idowe/FPGA Projects/FPGA-Course-Logtel/logtel_book_labs/lab20/bh_llb.xdc:176]
WARNING: [Vivado 12-584] No ports matched 'STATUS[4]'. [C:/Users/idowe/FPGA Projects/FPGA-Course-Logtel/logtel_book_labs/lab20/bh_llb.xdc:177]
WARNING: [Vivado 12-584] No ports matched 'STATUS[3]'. [C:/Users/idowe/FPGA Projects/FPGA-Course-Logtel/logtel_book_labs/lab20/bh_llb.xdc:178]
WARNING: [Vivado 12-584] No ports matched 'STATUS[2]'. [C:/Users/idowe/FPGA Projects/FPGA-Course-Logtel/logtel_book_labs/lab20/bh_llb.xdc:179]
WARNING: [Vivado 12-584] No ports matched 'STATUS[1]'. [C:/Users/idowe/FPGA Projects/FPGA-Course-Logtel/logtel_book_labs/lab20/bh_llb.xdc:180]
WARNING: [Vivado 12-584] No ports matched 'STATUS[0]'. [C:/Users/idowe/FPGA Projects/FPGA-Course-Logtel/logtel_book_labs/lab20/bh_llb.xdc:181]
Finished Parsing XDC File [C:/Users/idowe/FPGA Projects/FPGA-Course-Logtel/logtel_book_labs/lab20/bh_llb.xdc]
WARNING: [Project 1-498] One or more constraints failed evaluation while reading constraint file [C:/Users/idowe/FPGA Projects/FPGA-Course-Logtel/logtel_book_labs/lab20/bh_llb.xdc] and the design contains unresolved black boxes. These constraints will be read post-synthesis (as long as their source constraint file is marked as used_in_implementation) and should be applied correctly then. You should review the constraints listed in the file [.Xil/design_1_wrapper_propImpl.xdc] and check the run log file to verify that these constraints were correctly applied.
Parsing XDC File [c:/Users/idowe/FPGA Projects/FPGA-Course-Logtel/logtel_book_labs/blk_mem_gen_0_ex/blk_mem_gen_0_ex.runs/synth_1/dont_touch.xdc]
Finished Parsing XDC File [c:/Users/idowe/FPGA Projects/FPGA-Course-Logtel/logtel_book_labs/blk_mem_gen_0_ex/blk_mem_gen_0_ex.runs/synth_1/dont_touch.xdc]
Completed Processing XDC Constraints

Netlist sorting complete. Time (s): cpu = 00:00:00 ; elapsed = 00:00:00 . Memory (MB): peak = 1113.938 ; gain = 0.000
INFO: [Project 1-111] Unisim Transformation Summary:
No Unisim elements were transformed.

Constraint Validation Runtime : Time (s): cpu = 00:00:00 ; elapsed = 00:00:00.004 . Memory (MB): peak = 1113.938 ; gain = 0.000
---------------------------------------------------------------------------------
Finished Constraint Validation : Time (s): cpu = 00:00:07 ; elapsed = 00:00:08 . Memory (MB): peak = 1113.938 ; gain = 338.898
---------------------------------------------------------------------------------
---------------------------------------------------------------------------------
Start Loading Part and Timing Information
---------------------------------------------------------------------------------
Loading part: xc7a100tcsg324-1
---------------------------------------------------------------------------------
Finished Loading Part and Timing Information : Time (s): cpu = 00:00:07 ; elapsed = 00:00:08 . Memory (MB): peak = 1113.938 ; gain = 338.898
---------------------------------------------------------------------------------
---------------------------------------------------------------------------------
Start Applying 'set_property' XDC Constraints
---------------------------------------------------------------------------------
Applied set_property IO_BUFFER_TYPE = NONE for clk_in1. (constraint file  {c:/Users/idowe/FPGA Projects/FPGA-Course-Logtel/logtel_book_labs/blk_mem_gen_0_ex/blk_mem_gen_0_ex.srcs/sources_1/bd/design_1/ip/design_1_clk_wiz_0/design_1_clk_wiz_0/design_1_clk_wiz_0_in_context.xdc}, line 3).
Applied set_property CLOCK_BUFFER_TYPE = NONE for clk_in1. (constraint file  {c:/Users/idowe/FPGA Projects/FPGA-Course-Logtel/logtel_book_labs/blk_mem_gen_0_ex/blk_mem_gen_0_ex.srcs/sources_1/bd/design_1/ip/design_1_clk_wiz_0/design_1_clk_wiz_0/design_1_clk_wiz_0_in_context.xdc}, line 4).
Applied set_property DONT_TOUCH = true for design_1_i. (constraint file  auto generated constraint, line ).
Applied set_property DONT_TOUCH = true for design_1_i/jtag_axi_0. (constraint file  auto generated constraint, line ).
Applied set_property DONT_TOUCH = true for design_1_i/axi_uartlite_0. (constraint file  auto generated constraint, line ).
Applied set_property DONT_TOUCH = true for design_1_i/jtag_axi_0_axi_periph. (constraint file  auto generated constraint, line ).
Applied set_property DONT_TOUCH = true for design_1_i/clk_wiz. (constraint file  auto generated constraint, line ).
Applied set_property DONT_TOUCH = true for design_1_i/jtag_axi_0_axi_periph/s00_couplers/auto_pc. (constraint file  auto generated constraint, line ).
---------------------------------------------------------------------------------
Finished applying 'set_property' XDC Constraints : Time (s): cpu = 00:00:08 ; elapsed = 00:00:08 . Memory (MB): peak = 1113.938 ; gain = 338.898
---------------------------------------------------------------------------------
---------------------------------------------------------------------------------
Finished RTL Optimization Phase 2 : Time (s): cpu = 00:00:08 ; elapsed = 00:00:08 . Memory (MB): peak = 1113.938 ; gain = 338.898
---------------------------------------------------------------------------------

Report RTL Partitions: 
+-+--------------+------------+----------+
| |RTL Partition |Replication |Instances |
+-+--------------+------------+----------+
+-+--------------+------------+----------+
---------------------------------------------------------------------------------
Start RTL Component Statistics 
---------------------------------------------------------------------------------
Detailed RTL Component Info : 
---------------------------------------------------------------------------------
Finished RTL Component Statistics 
---------------------------------------------------------------------------------
---------------------------------------------------------------------------------
Start RTL Hierarchical Component Statistics 
---------------------------------------------------------------------------------
Hierarchical RTL Component report 
---------------------------------------------------------------------------------
Finished RTL Hierarchical Component Statistics
---------------------------------------------------------------------------------
---------------------------------------------------------------------------------
Start Part Resource Summary
---------------------------------------------------------------------------------
Part Resources:
DSPs: 240 (col length:80)
BRAMs: 270 (col length: RAMB18 80 RAMB36 40)
---------------------------------------------------------------------------------
Finished Part Resource Summary
---------------------------------------------------------------------------------
---------------------------------------------------------------------------------
Start Cross Boundary and Area Optimization
---------------------------------------------------------------------------------
Warning: Parallel synthesis criteria is not met 
WARNING: [Synth 8-3331] design design_1_jtag_axi_0_axi_periph_0 has unconnected port ACLK
WARNING: [Synth 8-3331] design design_1_jtag_axi_0_axi_periph_0 has unconnected port ARESETN
WARNING: [Synth 8-3331] design design_1_jtag_axi_0_axi_periph_0 has unconnected port M00_ACLK
WARNING: [Synth 8-3331] design design_1_jtag_axi_0_axi_periph_0 has unconnected port M00_ARESETN
---------------------------------------------------------------------------------
Finished Cross Boundary and Area Optimization : Time (s): cpu = 00:00:08 ; elapsed = 00:00:09 . Memory (MB): peak = 1113.938 ; gain = 338.898
---------------------------------------------------------------------------------

Report RTL Partitions: 
+-+--------------+------------+----------+
| |RTL Partition |Replication |Instances |
+-+--------------+------------+----------+
+-+--------------+------------+----------+
---------------------------------------------------------------------------------
Start Applying XDC Timing Constraints
---------------------------------------------------------------------------------
---------------------------------------------------------------------------------
Finished Applying XDC Timing Constraints : Time (s): cpu = 00:00:13 ; elapsed = 00:00:14 . Memory (MB): peak = 1141.434 ; gain = 366.395
---------------------------------------------------------------------------------
---------------------------------------------------------------------------------
Start Timing Optimization
---------------------------------------------------------------------------------
---------------------------------------------------------------------------------
Finished Timing Optimization : Time (s): cpu = 00:00:13 ; elapsed = 00:00:14 . Memory (MB): peak = 1141.434 ; gain = 366.395
---------------------------------------------------------------------------------

Report RTL Partitions: 
+-+--------------+------------+----------+
| |RTL Partition |Replication |Instances |
+-+--------------+------------+----------+
+-+--------------+------------+----------+
---------------------------------------------------------------------------------
Start Technology Mapping
---------------------------------------------------------------------------------
---------------------------------------------------------------------------------
Finished Technology Mapping : Time (s): cpu = 00:00:13 ; elapsed = 00:00:14 . Memory (MB): peak = 1151.125 ; gain = 376.086
---------------------------------------------------------------------------------

Report RTL Partitions: 
+-+--------------+------------+----------+
| |RTL Partition |Replication |Instances |
+-+--------------+------------+----------+
+-+--------------+------------+----------+
---------------------------------------------------------------------------------
Start IO Insertion
---------------------------------------------------------------------------------
---------------------------------------------------------------------------------
Start Flattening Before IO Insertion
---------------------------------------------------------------------------------
---------------------------------------------------------------------------------
Finished Flattening Before IO Insertion
---------------------------------------------------------------------------------
---------------------------------------------------------------------------------
Start Final Netlist Cleanup
---------------------------------------------------------------------------------
---------------------------------------------------------------------------------
Finished Final Netlist Cleanup
---------------------------------------------------------------------------------
---------------------------------------------------------------------------------
Finished IO Insertion : Time (s): cpu = 00:00:16 ; elapsed = 00:00:17 . Memory (MB): peak = 1165.895 ; gain = 390.855
---------------------------------------------------------------------------------
---------------------------------------------------------------------------------
Start Renaming Generated Instances
---------------------------------------------------------------------------------
---------------------------------------------------------------------------------
Finished Renaming Generated Instances : Time (s): cpu = 00:00:16 ; elapsed = 00:00:17 . Memory (MB): peak = 1165.895 ; gain = 390.855
---------------------------------------------------------------------------------

Report RTL Partitions: 
+-+--------------+------------+----------+
| |RTL Partition |Replication |Instances |
+-+--------------+------------+----------+
+-+--------------+------------+----------+

Report Check Netlist: 
+------+------------------+-------+---------+-------+------------------+
|      |Item              |Errors |Warnings |Status |Description       |
+------+------------------+-------+---------+-------+------------------+
|1     |multi_driven_nets |      0|        0|Passed |Multi driven nets |
+------+------------------+-------+---------+-------+------------------+
---------------------------------------------------------------------------------
Start Rebuilding User Hierarchy
---------------------------------------------------------------------------------
---------------------------------------------------------------------------------
Finished Rebuilding User Hierarchy : Time (s): cpu = 00:00:16 ; elapsed = 00:00:17 . Memory (MB): peak = 1165.895 ; gain = 390.855
---------------------------------------------------------------------------------
---------------------------------------------------------------------------------
Start Renaming Generated Ports
---------------------------------------------------------------------------------
---------------------------------------------------------------------------------
Finished Renaming Generated Ports : Time (s): cpu = 00:00:16 ; elapsed = 00:00:17 . Memory (MB): peak = 1165.895 ; gain = 390.855
---------------------------------------------------------------------------------
---------------------------------------------------------------------------------
Start Handling Custom Attributes
---------------------------------------------------------------------------------
---------------------------------------------------------------------------------
Finished Handling Custom Attributes : Time (s): cpu = 00:00:16 ; elapsed = 00:00:17 . Memory (MB): peak = 1165.895 ; gain = 390.855
---------------------------------------------------------------------------------
---------------------------------------------------------------------------------
Start Renaming Generated Nets
---------------------------------------------------------------------------------
---------------------------------------------------------------------------------
Finished Renaming Generated Nets : Time (s): cpu = 00:00:16 ; elapsed = 00:00:17 . Memory (MB): peak = 1165.895 ; gain = 390.855
---------------------------------------------------------------------------------
---------------------------------------------------------------------------------
Start Writing Synthesis Report
---------------------------------------------------------------------------------

Report BlackBoxes: 
+------+--------------------------+----------+
|      |BlackBox name             |Instances |
+------+--------------------------+----------+
|1     |design_1_auto_pc_0        |         1|
|2     |design_1_axi_uartlite_0_0 |         1|
|3     |design_1_clk_wiz_0        |         1|
|4     |design_1_jtag_axi_0_0     |         1|
+------+--------------------------+----------+

Report Cell Usage: 
+------+---------------------------------+------+
|      |Cell                             |Count |
+------+---------------------------------+------+
|1     |design_1_auto_pc_0_bbox_3        |     1|
|2     |design_1_axi_uartlite_0_0_bbox_0 |     1|
|3     |design_1_clk_wiz_0_bbox_1        |     1|
|4     |design_1_jtag_axi_0_0_bbox_2     |     1|
|5     |IBUF                             |     3|
|6     |OBUF                             |     2|
+------+---------------------------------+------+

Report Instance Areas: 
+------+--------------------------+---------------------------------+------+
|      |Instance                  |Module                           |Cells |
+------+--------------------------+---------------------------------+------+
|1     |top                       |                                 |   363|
|2     |  design_1_i              |design_1                         |   358|
|3     |    jtag_axi_0_axi_periph |design_1_jtag_axi_0_axi_periph_0 |   155|
|4     |      s00_couplers        |s00_couplers_imp_1UACJD2         |   155|
+------+--------------------------+---------------------------------+------+
---------------------------------------------------------------------------------
Finished Writing Synthesis Report : Time (s): cpu = 00:00:16 ; elapsed = 00:00:17 . Memory (MB): peak = 1165.895 ; gain = 390.855
---------------------------------------------------------------------------------
Synthesis finished with 0 errors, 0 critical warnings and 4 warnings.
Synthesis Optimization Runtime : Time (s): cpu = 00:00:11 ; elapsed = 00:00:16 . Memory (MB): peak = 1165.895 ; gain = 362.543
Synthesis Optimization Complete : Time (s): cpu = 00:00:16 ; elapsed = 00:00:17 . Memory (MB): peak = 1165.895 ; gain = 390.855
INFO: [Project 1-571] Translating synthesized netlist
Netlist sorting complete. Time (s): cpu = 00:00:00 ; elapsed = 00:00:00.005 . Memory (MB): peak = 1177.949 ; gain = 0.000
INFO: [Project 1-570] Preparing netlist for logic optimization
INFO: [Opt 31-138] Pushed 0 inverter(s) to 0 load pin(s).
Netlist sorting complete. Time (s): cpu = 00:00:00 ; elapsed = 00:00:00 . Memory (MB): peak = 1183.316 ; gain = 0.000
INFO: [Project 1-111] Unisim Transformation Summary:
No Unisim elements were transformed.

INFO: [Common 17-83] Releasing license: Synthesis
29 Infos, 19 Warnings, 0 Critical Warnings and 0 Errors encountered.
synth_design completed successfully
synth_design: Time (s): cpu = 00:00:20 ; elapsed = 00:00:21 . Memory (MB): peak = 1183.316 ; gain = 694.230
Netlist sorting complete. Time (s): cpu = 00:00:00 ; elapsed = 00:00:00 . Memory (MB): peak = 1183.316 ; gain = 0.000
WARNING: [Constraints 18-5210] No constraints selected for write.
Resolution: This message can indicate that there are no constraints for the design, or it can indicate that the used_in flags are set such that the constraints are ignored. This later case is used when running synth_design to not write synthesis constraints to the resulting checkpoint. Instead, project constraints are read when the synthesized design is opened.
INFO: [Common 17-1381] The checkpoint 'c:/Users/idowe/FPGA Projects/FPGA-Course-Logtel/logtel_book_labs/blk_mem_gen_0_ex/blk_mem_gen_0_ex.runs/synth_1/design_1_wrapper.dcp' has been generated.
INFO: [runtcl-4] Executing : report_utilization -file design_1_wrapper_utilization_synth.rpt -pb design_1_wrapper_utilization_synth.pb
INFO: [Common 17-206] Exiting Vivado at Sat Mar 15 21:42:50 2025...
