
*** Running vivado
    with args -log CALCULATOR_UNIT.vds -m64 -product Vivado -mode batch -messageDb vivado.pb -notrace -source CALCULATOR_UNIT.tcl


****** Vivado v2019.2 (64-bit)
  **** SW Build 2708876 on Wed Nov  6 21:40:23 MST 2019
  **** IP Build 2700528 on Thu Nov  7 00:09:20 MST 2019
    ** Copyright 1986-2019 Xilinx, Inc. All Rights Reserved.

source CALCULATOR_UNIT.tcl -notrace
Command: synth_design -top CALCULATOR_UNIT -part xc7a100tcsg324-1
Starting synth_design
Attempting to get a license for feature 'Synthesis' and/or device 'xc7a100t'
INFO: [Common 17-349] Got license for feature 'Synthesis' and/or device 'xc7a100t'
INFO: [Device 21-403] Loading part xc7a100tcsg324-1
INFO: Launching helper process for spawning children vivado processes
INFO: Helper process launched with PID 1488 
---------------------------------------------------------------------------------
Starting RTL Elaboration : Time (s): cpu = 00:00:03 ; elapsed = 00:00:02 . Memory (MB): peak = 1006.828 ; gain = 234.238
---------------------------------------------------------------------------------
INFO: [Synth 8-638] synthesizing module 'CALCULATOR_UNIT' [C:/Users/idowe/FPGA Projects/FPGA-Course-Logtel/logtel_book_labs/lab15/lab15.srcs/sources_1/new/CALCULATOR_UNIT.vhd:36]
INFO: [Synth 8-3491] module 'xbip_dsp48_macro_0' declared at 'C:/Users/idowe/FPGA Projects/FPGA-Course-Logtel/logtel_book_labs/lab15/lab15.runs/synth_1/.Xil/Vivado-18640-Ido/realtime/xbip_dsp48_macro_0_stub.v:6' bound to instance 'DUT_DSP' of component 'xbip_dsp48_macro_0' [C:/Users/idowe/FPGA Projects/FPGA-Course-Logtel/logtel_book_labs/lab15/lab15.srcs/sources_1/new/CALCULATOR_UNIT.vhd:68]
INFO: [Synth 8-6157] synthesizing module 'xbip_dsp48_macro_0' [C:/Users/idowe/FPGA Projects/FPGA-Course-Logtel/logtel_book_labs/lab15/lab15.runs/synth_1/.Xil/Vivado-18640-Ido/realtime/xbip_dsp48_macro_0_stub.v:6]
INFO: [Synth 8-6155] done synthesizing module 'xbip_dsp48_macro_0' (1#1) [C:/Users/idowe/FPGA Projects/FPGA-Course-Logtel/logtel_book_labs/lab15/lab15.runs/synth_1/.Xil/Vivado-18640-Ido/realtime/xbip_dsp48_macro_0_stub.v:6]
INFO: [Synth 8-226] default block is never used [C:/Users/idowe/FPGA Projects/FPGA-Course-Logtel/logtel_book_labs/lab15/lab15.srcs/sources_1/new/CALCULATOR_UNIT.vhd:88]
WARNING: [Synth 8-6014] Unused sequential element state_reg was removed.  [C:/Users/idowe/FPGA Projects/FPGA-Course-Logtel/logtel_book_labs/lab15/lab15.srcs/sources_1/new/CALCULATOR_UNIT.vhd:86]
WARNING: [Synth 8-6014] Unused sequential element DIVIDEND_reg was removed.  [C:/Users/idowe/FPGA Projects/FPGA-Course-Logtel/logtel_book_labs/lab15/lab15.srcs/sources_1/new/CALCULATOR_UNIT.vhd:115]
WARNING: [Synth 8-6014] Unused sequential element TEMP_reg was removed.  [C:/Users/idowe/FPGA Projects/FPGA-Course-Logtel/logtel_book_labs/lab15/lab15.srcs/sources_1/new/CALCULATOR_UNIT.vhd:117]
WARNING: [Synth 8-6014] Unused sequential element index_reg was removed.  [C:/Users/idowe/FPGA Projects/FPGA-Course-Logtel/logtel_book_labs/lab15/lab15.srcs/sources_1/new/CALCULATOR_UNIT.vhd:117]
INFO: [Synth 8-256] done synthesizing module 'CALCULATOR_UNIT' (2#1) [C:/Users/idowe/FPGA Projects/FPGA-Course-Logtel/logtel_book_labs/lab15/lab15.srcs/sources_1/new/CALCULATOR_UNIT.vhd:36]
WARNING: [Synth 8-3331] design CALCULATOR_UNIT has unconnected port SEL[1]
WARNING: [Synth 8-3331] design CALCULATOR_UNIT has unconnected port SEL[0]
---------------------------------------------------------------------------------
Finished RTL Elaboration : Time (s): cpu = 00:00:03 ; elapsed = 00:00:03 . Memory (MB): peak = 1080.047 ; gain = 307.457
---------------------------------------------------------------------------------

Report Check Netlist: 
+------+------------------+-------+---------+-------+------------------+
|      |Item              |Errors |Warnings |Status |Description       |
+------+------------------+-------+---------+-------+------------------+
|1     |multi_driven_nets |      0|        0|Passed |Multi driven nets |
+------+------------------+-------+---------+-------+------------------+
---------------------------------------------------------------------------------
Start Handling Custom Attributes
---------------------------------------------------------------------------------
---------------------------------------------------------------------------------
Finished Handling Custom Attributes : Time (s): cpu = 00:00:03 ; elapsed = 00:00:03 . Memory (MB): peak = 1080.047 ; gain = 307.457
---------------------------------------------------------------------------------
---------------------------------------------------------------------------------
Finished RTL Optimization Phase 1 : Time (s): cpu = 00:00:03 ; elapsed = 00:00:03 . Memory (MB): peak = 1080.047 ; gain = 307.457
---------------------------------------------------------------------------------
Netlist sorting complete. Time (s): cpu = 00:00:00 ; elapsed = 00:00:00.001 . Memory (MB): peak = 1080.047 ; gain = 0.000
INFO: [Project 1-570] Preparing netlist for logic optimization

Processing XDC Constraints
Initializing timing engine
Parsing XDC File [c:/Users/idowe/FPGA Projects/FPGA-Course-Logtel/logtel_book_labs/lab15/lab15.srcs/sources_1/ip/xbip_dsp48_macro_0/xbip_dsp48_macro_0/xbip_dsp48_macro_0_in_context.xdc] for cell 'DUT_DSP'
Finished Parsing XDC File [c:/Users/idowe/FPGA Projects/FPGA-Course-Logtel/logtel_book_labs/lab15/lab15.srcs/sources_1/ip/xbip_dsp48_macro_0/xbip_dsp48_macro_0/xbip_dsp48_macro_0_in_context.xdc] for cell 'DUT_DSP'
Completed Processing XDC Constraints

Netlist sorting complete. Time (s): cpu = 00:00:00 ; elapsed = 00:00:00 . Memory (MB): peak = 1184.375 ; gain = 0.000
INFO: [Project 1-111] Unisim Transformation Summary:
No Unisim elements were transformed.

Constraint Validation Runtime : Time (s): cpu = 00:00:00 ; elapsed = 00:00:00.001 . Memory (MB): peak = 1184.375 ; gain = 0.000
---------------------------------------------------------------------------------
Finished Constraint Validation : Time (s): cpu = 00:00:07 ; elapsed = 00:00:07 . Memory (MB): peak = 1184.375 ; gain = 411.785
---------------------------------------------------------------------------------
---------------------------------------------------------------------------------
Start Loading Part and Timing Information
---------------------------------------------------------------------------------
Loading part: xc7a100tcsg324-1
---------------------------------------------------------------------------------
Finished Loading Part and Timing Information : Time (s): cpu = 00:00:07 ; elapsed = 00:00:07 . Memory (MB): peak = 1184.375 ; gain = 411.785
---------------------------------------------------------------------------------
---------------------------------------------------------------------------------
Start Applying 'set_property' XDC Constraints
---------------------------------------------------------------------------------
Applied set_property DONT_TOUCH = true for DUT_DSP. (constraint file  auto generated constraint, line ).
---------------------------------------------------------------------------------
Finished applying 'set_property' XDC Constraints : Time (s): cpu = 00:00:07 ; elapsed = 00:00:07 . Memory (MB): peak = 1184.375 ; gain = 411.785
---------------------------------------------------------------------------------
---------------------------------------------------------------------------------
Finished RTL Optimization Phase 2 : Time (s): cpu = 00:00:07 ; elapsed = 00:00:07 . Memory (MB): peak = 1184.375 ; gain = 411.785
---------------------------------------------------------------------------------

Report RTL Partitions: 
+-+--------------+------------+----------+
| |RTL Partition |Replication |Instances |
+-+--------------+------------+----------+
+-+--------------+------------+----------+
---------------------------------------------------------------------------------
Start RTL Component Statistics 
---------------------------------------------------------------------------------
Detailed RTL Component Info : 
+---Registers : 
	               43 Bit    Registers := 1     
	               25 Bit    Registers := 1     
	               18 Bit    Registers := 2     
	                2 Bit    Registers := 1     
+---Muxes : 
	   4 Input      1 Bit        Muxes := 2     
---------------------------------------------------------------------------------
Finished RTL Component Statistics 
---------------------------------------------------------------------------------
---------------------------------------------------------------------------------
Start RTL Hierarchical Component Statistics 
---------------------------------------------------------------------------------
Hierarchical RTL Component report 
Module CALCULATOR_UNIT 
Detailed RTL Component Info : 
+---Registers : 
	               43 Bit    Registers := 1     
	               25 Bit    Registers := 1     
	               18 Bit    Registers := 2     
	                2 Bit    Registers := 1     
+---Muxes : 
	   4 Input      1 Bit        Muxes := 2     
---------------------------------------------------------------------------------
Finished RTL Hierarchical Component Statistics
---------------------------------------------------------------------------------
---------------------------------------------------------------------------------
Start Part Resource Summary
---------------------------------------------------------------------------------
Part Resources:
DSPs: 240 (col length:80)
BRAMs: 270 (col length: RAMB18 80 RAMB36 40)
---------------------------------------------------------------------------------
Finished Part Resource Summary
---------------------------------------------------------------------------------
---------------------------------------------------------------------------------
Start Cross Boundary and Area Optimization
---------------------------------------------------------------------------------
Warning: Parallel synthesis criteria is not met 
WARNING: [Synth 8-3331] design CALCULATOR_UNIT has unconnected port SEL[1]
WARNING: [Synth 8-3331] design CALCULATOR_UNIT has unconnected port SEL[0]
---------------------------------------------------------------------------------
Finished Cross Boundary and Area Optimization : Time (s): cpu = 00:00:08 ; elapsed = 00:00:08 . Memory (MB): peak = 1184.375 ; gain = 411.785
---------------------------------------------------------------------------------

Report RTL Partitions: 
+-+--------------+------------+----------+
| |RTL Partition |Replication |Instances |
+-+--------------+------------+----------+
+-+--------------+------------+----------+
---------------------------------------------------------------------------------
Start Applying XDC Timing Constraints
---------------------------------------------------------------------------------
---------------------------------------------------------------------------------
Finished Applying XDC Timing Constraints : Time (s): cpu = 00:00:12 ; elapsed = 00:00:12 . Memory (MB): peak = 1184.375 ; gain = 411.785
---------------------------------------------------------------------------------
---------------------------------------------------------------------------------
Start Timing Optimization
---------------------------------------------------------------------------------
---------------------------------------------------------------------------------
Finished Timing Optimization : Time (s): cpu = 00:00:12 ; elapsed = 00:00:12 . Memory (MB): peak = 1184.375 ; gain = 411.785
---------------------------------------------------------------------------------

Report RTL Partitions: 
+-+--------------+------------+----------+
| |RTL Partition |Replication |Instances |
+-+--------------+------------+----------+
+-+--------------+------------+----------+
---------------------------------------------------------------------------------
Start Technology Mapping
---------------------------------------------------------------------------------
---------------------------------------------------------------------------------
Finished Technology Mapping : Time (s): cpu = 00:00:12 ; elapsed = 00:00:12 . Memory (MB): peak = 1184.375 ; gain = 411.785
---------------------------------------------------------------------------------

Report RTL Partitions: 
+-+--------------+------------+----------+
| |RTL Partition |Replication |Instances |
+-+--------------+------------+----------+
+-+--------------+------------+----------+
---------------------------------------------------------------------------------
Start IO Insertion
---------------------------------------------------------------------------------
---------------------------------------------------------------------------------
Start Flattening Before IO Insertion
---------------------------------------------------------------------------------
---------------------------------------------------------------------------------
Finished Flattening Before IO Insertion
---------------------------------------------------------------------------------
---------------------------------------------------------------------------------
Start Final Netlist Cleanup
---------------------------------------------------------------------------------
---------------------------------------------------------------------------------
Finished Final Netlist Cleanup
---------------------------------------------------------------------------------
---------------------------------------------------------------------------------
Finished IO Insertion : Time (s): cpu = 00:00:14 ; elapsed = 00:00:15 . Memory (MB): peak = 1184.375 ; gain = 411.785
---------------------------------------------------------------------------------
---------------------------------------------------------------------------------
Start Renaming Generated Instances
---------------------------------------------------------------------------------
---------------------------------------------------------------------------------
Finished Renaming Generated Instances : Time (s): cpu = 00:00:14 ; elapsed = 00:00:15 . Memory (MB): peak = 1184.375 ; gain = 411.785
---------------------------------------------------------------------------------

Report RTL Partitions: 
+-+--------------+------------+----------+
| |RTL Partition |Replication |Instances |
+-+--------------+------------+----------+
+-+--------------+------------+----------+

Report Check Netlist: 
+------+------------------+-------+---------+-------+------------------+
|      |Item              |Errors |Warnings |Status |Description       |
+------+------------------+-------+---------+-------+------------------+
|1     |multi_driven_nets |      0|        0|Passed |Multi driven nets |
+------+------------------+-------+---------+-------+------------------+
---------------------------------------------------------------------------------
Start Rebuilding User Hierarchy
---------------------------------------------------------------------------------
---------------------------------------------------------------------------------
Finished Rebuilding User Hierarchy : Time (s): cpu = 00:00:14 ; elapsed = 00:00:15 . Memory (MB): peak = 1184.375 ; gain = 411.785
---------------------------------------------------------------------------------
---------------------------------------------------------------------------------
Start Renaming Generated Ports
---------------------------------------------------------------------------------
---------------------------------------------------------------------------------
Finished Renaming Generated Ports : Time (s): cpu = 00:00:14 ; elapsed = 00:00:15 . Memory (MB): peak = 1184.375 ; gain = 411.785
---------------------------------------------------------------------------------
---------------------------------------------------------------------------------
Start Handling Custom Attributes
---------------------------------------------------------------------------------
---------------------------------------------------------------------------------
Finished Handling Custom Attributes : Time (s): cpu = 00:00:14 ; elapsed = 00:00:15 . Memory (MB): peak = 1184.375 ; gain = 411.785
---------------------------------------------------------------------------------
---------------------------------------------------------------------------------
Start Renaming Generated Nets
---------------------------------------------------------------------------------
---------------------------------------------------------------------------------
Finished Renaming Generated Nets : Time (s): cpu = 00:00:14 ; elapsed = 00:00:15 . Memory (MB): peak = 1184.375 ; gain = 411.785
---------------------------------------------------------------------------------
---------------------------------------------------------------------------------
Start Writing Synthesis Report
---------------------------------------------------------------------------------

Report BlackBoxes: 
+------+-------------------+----------+
|      |BlackBox name      |Instances |
+------+-------------------+----------+
|1     |xbip_dsp48_macro_0 |         1|
+------+-------------------+----------+

Report Cell Usage: 
+------+-------------------+------+
|      |Cell               |Count |
+------+-------------------+------+
|1     |xbip_dsp48_macro_0 |     1|
|2     |BUFG               |     1|
|3     |LUT2               |     2|
|4     |LUT3               |     1|
|5     |FDRE               |   106|
|6     |IBUF               |    47|
|7     |OBUF               |    43|
+------+-------------------+------+

Report Instance Areas: 
+------+---------+-------+------+
|      |Instance |Module |Cells |
+------+---------+-------+------+
|1     |top      |       |   243|
+------+---------+-------+------+
---------------------------------------------------------------------------------
Finished Writing Synthesis Report : Time (s): cpu = 00:00:14 ; elapsed = 00:00:15 . Memory (MB): peak = 1184.375 ; gain = 411.785
---------------------------------------------------------------------------------
Synthesis finished with 0 errors, 0 critical warnings and 2 warnings.
Synthesis Optimization Runtime : Time (s): cpu = 00:00:10 ; elapsed = 00:00:14 . Memory (MB): peak = 1184.375 ; gain = 307.457
Synthesis Optimization Complete : Time (s): cpu = 00:00:15 ; elapsed = 00:00:15 . Memory (MB): peak = 1184.375 ; gain = 411.785
INFO: [Project 1-571] Translating synthesized netlist
Netlist sorting complete. Time (s): cpu = 00:00:00 ; elapsed = 00:00:00.002 . Memory (MB): peak = 1195.555 ; gain = 0.000
INFO: [Project 1-570] Preparing netlist for logic optimization
INFO: [Opt 31-138] Pushed 0 inverter(s) to 0 load pin(s).
Netlist sorting complete. Time (s): cpu = 00:00:00 ; elapsed = 00:00:00.001 . Memory (MB): peak = 1200.371 ; gain = 0.000
INFO: [Project 1-111] Unisim Transformation Summary:
No Unisim elements were transformed.

INFO: [Common 17-83] Releasing license: Synthesis
15 Infos, 8 Warnings, 0 Critical Warnings and 0 Errors encountered.
synth_design completed successfully
synth_design: Time (s): cpu = 00:00:17 ; elapsed = 00:00:19 . Memory (MB): peak = 1200.371 ; gain = 711.402
Netlist sorting complete. Time (s): cpu = 00:00:00 ; elapsed = 00:00:00 . Memory (MB): peak = 1200.371 ; gain = 0.000
WARNING: [Constraints 18-5210] No constraints selected for write.
Resolution: This message can indicate that there are no constraints for the design, or it can indicate that the used_in flags are set such that the constraints are ignored. This later case is used when running synth_design to not write synthesis constraints to the resulting checkpoint. Instead, project constraints are read when the synthesized design is opened.
INFO: [Common 17-1381] The checkpoint 'C:/Users/idowe/FPGA Projects/FPGA-Course-Logtel/logtel_book_labs/lab15/lab15.runs/synth_1/CALCULATOR_UNIT.dcp' has been generated.
INFO: [runtcl-4] Executing : report_utilization -file CALCULATOR_UNIT_utilization_synth.rpt -pb CALCULATOR_UNIT_utilization_synth.pb
INFO: [Common 17-206] Exiting Vivado at Wed Feb 26 18:28:38 2025...
